[04-Jun-2024 17:37:11 UTC] PHP Warning:  Attempt to read property "title" on null in /Users/frederic/Local Sites/nathalie-mota/app/public/wp-includes/class-wp-customize-widgets.php on line 905
[05-Jun-2024 11:55:08 UTC] PHP Parse error:  syntax error, unexpected token "}" in /Users/frederic/Local Sites/nathalie-mota/app/public/wp-content/themes/nathalie-mota/functions.php on line 16
[05-Jun-2024 11:55:08 UTC] PHP Warning:  Trying to access array offset on value of type bool in /Users/frederic/Local Sites/nathalie-mota/app/public/wp-includes/class-wp-recovery-mode-email-service.php on line 367
[05-Jun-2024 11:55:08 UTC] PHP Warning:  Trying to access array offset on value of type bool in /Users/frederic/Local Sites/nathalie-mota/app/public/wp-includes/class-wp-recovery-mode-email-service.php on line 368
[05-Jun-2024 11:55:10 UTC] PHP Parse error:  syntax error, unexpected token "}" in /Users/frederic/Local Sites/nathalie-mota/app/public/wp-content/themes/nathalie-mota/functions.php on line 16
[05-Jun-2024 11:55:10 UTC] PHP Parse error:  syntax error, unexpected token "}" in /Users/frederic/Local Sites/nathalie-mota/app/public/wp-content/themes/nathalie-mota/functions.php on line 16
[05-Jun-2024 12:59:45 UTC] PHP Fatal error:  Uncaught Error: Call to undefined function get_admin_page_title() in /Users/frederic/Local Sites/nathalie-mota/app/public/wp-content/themes/nathalie-mota/functions.php:25
Stack trace:
#0 /Users/frederic/Local Sites/nathalie-mota/app/public/wp-settings.php(663): include()
#1 /Users/frederic/Local Sites/nathalie-mota/app/public/wp-config.php(103): require_once('/Users/frederic...')
#2 /Users/frederic/Local Sites/nathalie-mota/app/public/wp-load.php(50): require_once('/Users/frederic...')
#3 /Users/frederic/Local Sites/nathalie-mota/app/public/wp-admin/admin-ajax.php(22): require_once('/Users/frederic...')
#4 {main}
  thrown in /Users/frederic/Local Sites/nathalie-mota/app/public/wp-content/themes/nathalie-mota/functions.php on line 25
[05-Jun-2024 13:00:23 UTC] PHP Fatal error:  Uncaught Error: Call to undefined function get_admin_page_title() in /Users/frederic/Local Sites/nathalie-mota/app/public/wp-content/themes/nathalie-mota/functions.php:25
Stack trace:
#0 /Users/frederic/Local Sites/nathalie-mota/app/public/wp-settings.php(663): include()
#1 /Users/frederic/Local Sites/nathalie-mota/app/public/wp-config.php(103): require_once('/Users/frederic...')
#2 /Users/frederic/Local Sites/nathalie-mota/app/public/wp-load.php(50): require_once('/Users/frederic...')
#3 /Users/frederic/Local Sites/nathalie-mota/app/public/wp-admin/admin.php(34): require_once('/Users/frederic...')
#4 {main}
  thrown in /Users/frederic/Local Sites/nathalie-mota/app/public/wp-content/themes/nathalie-mota/functions.php on line 25
[05-Jun-2024 14:48:05 UTC] PHP Fatal error:  Uncaught TypeError: call_user_func_array(): Argument #1 ($callback) must be a valid callback, function "nathaliemota_settings_page_setup" not found or invalid function name in /Users/frederic/Local Sites/nathalie-mota/app/public/wp-includes/class-wp-hook.php:324
Stack trace:
#0 /Users/frederic/Local Sites/nathalie-mota/app/public/wp-includes/class-wp-hook.php(348): WP_Hook->apply_filters(NULL, Array)
#1 /Users/frederic/Local Sites/nathalie-mota/app/public/wp-includes/plugin.php(517): WP_Hook->do_action(Array)
#2 /Users/frederic/Local Sites/nathalie-mota/app/public/wp-admin/admin.php(175): do_action('admin_init')
#3 {main}
  thrown in /Users/frederic/Local Sites/nathalie-mota/app/public/wp-includes/class-wp-hook.php on line 324
[05-Jun-2024 14:50:36 UTC] PHP Fatal error:  Uncaught TypeError: call_user_func_array(): Argument #1 ($callback) must be a valid callback, function "nathaliemota_settings_page_setup" not found or invalid function name in /Users/frederic/Local Sites/nathalie-mota/app/public/wp-includes/class-wp-hook.php:324
Stack trace:
#0 /Users/frederic/Local Sites/nathalie-mota/app/public/wp-includes/class-wp-hook.php(348): WP_Hook->apply_filters(NULL, Array)
#1 /Users/frederic/Local Sites/nathalie-mota/app/public/wp-includes/plugin.php(517): WP_Hook->do_action(Array)
#2 /Users/frederic/Local Sites/nathalie-mota/app/public/wp-admin/admin.php(175): do_action('admin_init')
#3 {main}
  thrown in /Users/frederic/Local Sites/nathalie-mota/app/public/wp-includes/class-wp-hook.php on line 324
[05-Jun-2024 15:35:32 UTC] PHP Fatal error:  Uncaught TypeError: call_user_func(): Argument #1 ($callback) must be a valid callback, function "nathaliemota_settings_field_title_output" not found or invalid function name in /Users/frederic/Local Sites/nathalie-mota/app/public/wp-admin/includes/template.php:1836
Stack trace:
#0 /Users/frederic/Local Sites/nathalie-mota/app/public/wp-admin/includes/template.php(1790): do_settings_fields('nathaliemota_se...', 'nathaliemota_se...')
#1 /Users/frederic/Local Sites/nathalie-mota/app/public/wp-content/themes/nathalie-mota/functions.php(28): do_settings_sections('nathaliemota_se...')
#2 /Users/frederic/Local Sites/nathalie-mota/app/public/wp-includes/class-wp-hook.php(324): nathaliemota_theme_settings('')
#3 /Users/frederic/Local Sites/nathalie-mota/app/public/wp-includes/class-wp-hook.php(348): WP_Hook->apply_filters('', Array)
#4 /Users/frederic/Local Sites/nathalie-mota/app/public/wp-includes/plugin.php(517): WP_Hook->do_action(Array)
#5 /Users/frederic/Local Sites/nathalie-mota/app/public/wp-admin/admin.php(259): do_action('toplevel_page_n...')
#6 {main}
  thrown in /Users/frederic/Local Sites/nathalie-mota/app/public/wp-admin/includes/template.php on line 1836
