[03-Jun-2024 20:26:48] NOTICE: fpm is running, pid 41384
[03-Jun-2024 20:26:48] NOTICE: ready to handle connections
[03-Jun-2024 21:53:10] NOTICE: Terminating ...
[03-Jun-2024 21:53:10] NOTICE: exiting, bye-bye!
[04-Jun-2024 09:01:41] NOTICE: fpm is running, pid 2895
[04-Jun-2024 09:01:41] NOTICE: ready to handle connections
[04-Jun-2024 21:59:12] NOTICE: Terminating ...
[04-Jun-2024 21:59:12] NOTICE: exiting, bye-bye!
[05-Jun-2024 08:00:52] NOTICE: fpm is running, pid 1214
[05-Jun-2024 08:00:52] NOTICE: ready to handle connections
[06-Jun-2024 07:53:31] NOTICE: fpm is running, pid 951
[06-Jun-2024 07:53:31] NOTICE: ready to handle connections
[06-Jun-2024 09:26:27] NOTICE: fpm is running, pid 1219
[06-Jun-2024 09:26:27] NOTICE: ready to handle connections
[06-Jun-2024 21:52:30] NOTICE: fpm is running, pid 868
[06-Jun-2024 21:52:30] NOTICE: ready to handle connections
[06-Jun-2024 23:02:51] NOTICE: Terminating ...
[06-Jun-2024 23:02:51] NOTICE: Terminating ...
[06-Jun-2024 23:02:51] NOTICE: exiting, bye-bye!
[07-Jun-2024 08:14:42] NOTICE: fpm is running, pid 1016
[07-Jun-2024 08:14:42] NOTICE: ready to handle connections
[07-Jun-2024 19:04:58] NOTICE: Terminating ...
[07-Jun-2024 19:04:58] NOTICE: exiting, bye-bye!
[11-Jun-2024 08:49:52] NOTICE: fpm is running, pid 2502
[11-Jun-2024 08:49:52] NOTICE: ready to handle connections
[11-Jun-2024 17:57:44] NOTICE: Terminating ...
[11-Jun-2024 17:57:44] NOTICE: exiting, bye-bye!
[11-Jun-2024 18:06:04] NOTICE: fpm is running, pid 824
[11-Jun-2024 18:06:04] NOTICE: ready to handle connections
[11-Jun-2024 22:13:47] NOTICE: Terminating ...
[11-Jun-2024 22:13:47] NOTICE: exiting, bye-bye!
[12-Jun-2024 08:22:34] NOTICE: fpm is running, pid 1323
[12-Jun-2024 08:22:34] NOTICE: ready to handle connections
[12-Jun-2024 19:05:28] NOTICE: Terminating ...
[12-Jun-2024 19:05:28] NOTICE: exiting, bye-bye!
[13-Jun-2024 08:47:04] NOTICE: fpm is running, pid 1456
[13-Jun-2024 08:47:04] NOTICE: ready to handle connections
[13-Jun-2024 21:33:51] NOTICE: Terminating ...
[13-Jun-2024 21:33:51] NOTICE: exiting, bye-bye!
[14-Jun-2024 16:51:40] NOTICE: fpm is running, pid 7425
[14-Jun-2024 16:51:40] NOTICE: ready to handle connections
[14-Jun-2024 19:06:20] NOTICE: Terminating ...
[14-Jun-2024 19:06:20] NOTICE: Terminating ...
[14-Jun-2024 19:06:20] NOTICE: exiting, bye-bye!
[17-Jun-2024 10:09:08] NOTICE: fpm is running, pid 3323
[17-Jun-2024 10:09:08] NOTICE: ready to handle connections
[20-Jun-2024 07:56:53] NOTICE: fpm is running, pid 1085
[20-Jun-2024 07:56:53] NOTICE: ready to handle connections
[20-Jun-2024 09:27:00] NOTICE: Terminating ...
[20-Jun-2024 09:27:00] NOTICE: Terminating ...
[20-Jun-2024 09:27:00] NOTICE: exiting, bye-bye!
[20-Jun-2024 09:30:13] NOTICE: fpm is running, pid 841
[20-Jun-2024 09:30:13] NOTICE: ready to handle connections
[20-Jun-2024 16:59:02] NOTICE: Terminating ...
[20-Jun-2024 16:59:02] NOTICE: exiting, bye-bye!
[21-Jun-2024 09:13:55] NOTICE: fpm is running, pid 1298
[21-Jun-2024 09:13:55] NOTICE: ready to handle connections
[21-Jun-2024 18:55:58] NOTICE: Terminating ...
[21-Jun-2024 18:55:58] NOTICE: Terminating ...
[21-Jun-2024 18:55:58] NOTICE: exiting, bye-bye!
[24-Jun-2024 10:49:07] NOTICE: fpm is running, pid 4254
[24-Jun-2024 10:49:07] NOTICE: ready to handle connections
[24-Jun-2024 15:23:21] NOTICE: Terminating ...
[24-Jun-2024 15:23:21] NOTICE: exiting, bye-bye!
[24-Jun-2024 16:41:51] NOTICE: fpm is running, pid 1192
[24-Jun-2024 16:41:51] NOTICE: ready to handle connections
[24-Jun-2024 19:40:29] NOTICE: Terminating ...
[24-Jun-2024 19:40:29] NOTICE: exiting, bye-bye!
[25-Jun-2024 08:11:16] NOTICE: fpm is running, pid 1126
[25-Jun-2024 08:11:16] NOTICE: ready to handle connections
[28-Jun-2024 09:05:25] NOTICE: fpm is running, pid 1533
[28-Jun-2024 09:05:25] NOTICE: ready to handle connections
[28-Jun-2024 09:06:28] NOTICE: Terminating ...
[28-Jun-2024 09:06:28] NOTICE: Terminating ...
[28-Jun-2024 09:06:28] NOTICE: exiting, bye-bye!
[28-Jun-2024 09:06:38] NOTICE: fpm is running, pid 1646
[28-Jun-2024 09:06:38] NOTICE: ready to handle connections
[28-Jun-2024 09:10:22] NOTICE: fpm is running, pid 923
[28-Jun-2024 09:10:22] NOTICE: ready to handle connections
[28-Jun-2024 19:38:39] NOTICE: Terminating ...
[28-Jun-2024 19:38:39] NOTICE: Terminating ...
[28-Jun-2024 19:38:39] NOTICE: exiting, bye-bye!
[29-Jun-2024 08:21:32] NOTICE: fpm is running, pid 1207
[29-Jun-2024 08:21:32] NOTICE: ready to handle connections
[29-Jun-2024 23:11:50] NOTICE: Terminating ...
[29-Jun-2024 23:11:50] NOTICE: exiting, bye-bye!
[01-Jul-2024 07:33:13] NOTICE: fpm is running, pid 1155
[01-Jul-2024 07:33:13] NOTICE: ready to handle connections
[01-Jul-2024 18:19:22] NOTICE: Terminating ...
[01-Jul-2024 18:19:22] NOTICE: exiting, bye-bye!
[02-Jul-2024 12:37:54] NOTICE: fpm is running, pid 2845
[02-Jul-2024 12:37:54] NOTICE: ready to handle connections
[03-Jul-2024 08:03:41] NOTICE: fpm is running, pid 3617
[03-Jul-2024 08:03:41] NOTICE: ready to handle connections
